<?xml version="1.0" encoding="UTF-8"?>
<testsuite xmlns:xsi="http://www.w3.org/2001/XMLSchema-instance" xsi:noNamespaceSchemaLocation="https://maven.apache.org/surefire/maven-surefire-plugin/xsd/surefire-test-report.xsd" name="org.evalladares.junit5app.ejemplo.models.CuentaTest" time="5.075" tests="3" errors="0" skipped="0" failures="0">
  <properties>
[...]
</properties>
  <testcase name="pruebaTimeout2" classname="org.evalladares.junit5app.ejemplo.models.CuentaTest$EjemploTimeoutTest" time="0.948"/>
  <testcase name="testTimeoutAssertions" classname="org.evalladares.junit5app.ejemplo.models.CuentaTest$EjemploTimeoutTest" time="4.004"/>
  <testcase name="pruebaTimeout" classname="org.evalladares.junit5app.ejemplo.models.CuentaTest$EjemploTimeoutTest" time="0.11"/>
</testsuite>